Using pre-set license
Built from '2022.3/staging' branch; Version is '2022.3.4f1 (35713cd46cd7) revision 3502396'; Using compiler version '192829333'; Build Type 'Release'
OS: 'Windows 10  (10.0.19045) 64bit Professional' Language: 'de' Physical Memory: 32606 MB
BatchMode: 1, IsHumanControllingUs: 0, StartBugReporterOnCrash: 0, Is64bit: 1, IsPro: 1

COMMAND LINE ARGUMENTS:
C:\Program Files\Unity\Hub\Editor\2022.3.4f1\Editor\Unity.exe
-adb2
-batchMode
-noUpm
-name
AssetImportWorker0
-projectPath
D:/NEUER_PC_MASSENSPEICHER/Downloads_BULK/Template
-logFile
Logs/AssetImportWorker0.log
-srvPort
53169
Successfully changed project path to: D:/NEUER_PC_MASSENSPEICHER/Downloads_BULK/Template
D:/NEUER_PC_MASSENSPEICHER/Downloads_BULK/Template
[UnityMemory] Configuration Parameters - Can be set up in boot.config
    "memorysetup-bucket-allocator-granularity=16"
    "memorysetup-bucket-allocator-bucket-count=8"
    "memorysetup-bucket-allocator-block-size=33554432"
    "memorysetup-bucket-allocator-block-count=8"
    "memorysetup-main-allocator-block-size=16777216"
    "memorysetup-thread-allocator-block-size=16777216"
    "memorysetup-gfx-main-allocator-block-size=16777216"
    "memorysetup-gfx-thread-allocator-block-size=16777216"
    "memorysetup-cache-allocator-block-size=4194304"
    "memorysetup-typetree-allocator-block-size=2097152"
    "memorysetup-profiler-bucket-allocator-granularity=16"
    "memorysetup-profiler-bucket-allocator-bucket-count=8"
    "memorysetup-profiler-bucket-allocator-block-size=33554432"
    "memorysetup-profiler-bucket-allocator-block-count=8"
    "memorysetup-profiler-allocator-block-size=16777216"
    "memorysetup-profiler-editor-allocator-block-size=1048576"
    "memorysetup-temp-allocator-size-main=16777216"
    "memorysetup-job-temp-allocator-block-size=2097152"
    "memorysetup-job-temp-allocator-block-size-background=1048576"
    "memorysetup-job-temp-allocator-reduction-small-platforms=262144"
    "memorysetup-allocator-temp-initial-block-size-main=262144"
    "memorysetup-allocator-temp-initial-block-size-worker=262144"
    "memorysetup-temp-allocator-size-background-worker=32768"
    "memorysetup-temp-allocator-size-job-worker=262144"
    "memorysetup-temp-allocator-size-preload-manager=33554432"
    "memorysetup-temp-allocator-size-nav-mesh-worker=65536"
    "memorysetup-temp-allocator-size-audio-worker=65536"
    "memorysetup-temp-allocator-size-cloud-worker=32768"
    "memorysetup-temp-allocator-size-gi-baking-worker=262144"
    "memorysetup-temp-allocator-size-gfx=262144"
Player connection [14072] Host "[IP] 192.168.1.21 [Port] 0 [Flags] 2 [Guid] 1130649796 [EditorId] 1130649796 [Version] 1048832 [Id] WindowsEditor(7,DESKTOP-RT3SD44) [Debug] 1 [PackageName] WindowsEditor [ProjectName] Editor" joined multi-casting on [225.0.0.222:54997]...

Player connection [14072] Host "[IP] 192.168.1.21 [Port] 0 [Flags] 2 [Guid] 1130649796 [EditorId] 1130649796 [Version] 1048832 [Id] WindowsEditor(7,DESKTOP-RT3SD44) [Debug] 1 [PackageName] WindowsEditor [ProjectName] Editor" joined alternative multi-casting on [225.0.0.222:34997]...

Refreshing native plugins compatible for Editor in 6.19 ms, found 3 plugins.
Preloading 0 native plugins for Editor in 0.00 ms.
Initialize engine version: 2022.3.4f1 (35713cd46cd7)
[Subsystems] Discovering subsystems at path C:/Program Files/Unity/Hub/Editor/2022.3.4f1/Editor/Data/Resources/UnitySubsystems
[Subsystems] Discovering subsystems at path D:/NEUER_PC_MASSENSPEICHER/Downloads_BULK/Template/Assets
GfxDevice: creating device client; threaded=0; jobified=0
Direct3D:
    Version:  Direct3D 11.0 [level 11.1]
    Renderer: NVIDIA GeForce RTX 3080 (ID=0x2216)
    Vendor:   NVIDIA
    VRAM:     10053 MB
    Driver:   31.0.15.5222
Initialize mono
Mono path[0] = 'C:/Program Files/Unity/Hub/Editor/2022.3.4f1/Editor/Data/Managed'
Mono path[1] = 'C:/Program Files/Unity/Hub/Editor/2022.3.4f1/Editor/Data/MonoBleedingEdge/lib/mono/unityjit-win32'
Mono config path = 'C:/Program Files/Unity/Hub/Editor/2022.3.4f1/Editor/Data/MonoBleedingEdge/etc'
Using monoOptions --debugger-agent=transport=dt_socket,embedding=1,server=y,suspend=n,address=127.0.0.1:56168
Begin MonoManager ReloadAssembly
Registering precompiled unity dll's ...
Register platform support module: C:/Program Files/Unity/Hub/Editor/2022.3.4f1/Editor/Data/PlaybackEngines/WindowsStandaloneSupport/UnityEditor.WindowsStandalone.Extensions.dll
Registered in 0.012997 seconds.
- Loaded All Assemblies, in  0.863 seconds
Native extension for WindowsStandalone target not found
Mono: successfully reloaded assembly
- Finished resetting the current domain, in  0.263 seconds
Domain Reload Profiling: 1123ms
	BeginReloadAssembly (94ms)
		ExecutionOrderSort (0ms)
		DisableScriptedObjects (0ms)
		BackupInstance (0ms)
		ReleaseScriptingObjects (0ms)
		CreateAndSetChildDomain (1ms)
	RebuildCommonClasses (112ms)
	RebuildNativeTypeToScriptingClass (10ms)
	initialDomainReloadingComplete (72ms)
	LoadAllAssembliesAndSetupDomain (571ms)
		LoadAssemblies (91ms)
		RebuildTransferFunctionScriptingTraits (0ms)
		AnalyzeDomain (563ms)
			TypeCache.Refresh (562ms)
				TypeCache.ScanAssembly (416ms)
			ScanForSourceGeneratedMonoScriptInfo (0ms)
			ResolveRequiredComponents (0ms)
	FinalizeReload (264ms)
		ReleaseScriptCaches (0ms)
		RebuildScriptCaches (0ms)
		SetupLoadedEditorAssemblies (204ms)
			LogAssemblyErrors (0ms)
			InitializePlatformSupportModulesInManaged (11ms)
			SetLoadedEditorAssemblies (8ms)
			RefreshPlugins (0ms)
			BeforeProcessingInitializeOnLoad (2ms)
			ProcessInitializeOnLoadAttributes (134ms)
			ProcessInitializeOnLoadMethodAttributes (50ms)
			AfterProcessingInitializeOnLoad (0ms)
			EditorAssembliesLoaded (0ms)
		ExecutionOrderSort2 (0ms)
		AwakeInstancesAfterBackupRestoration (0ms)
========================================================================
Worker process is ready to serve import requests
Begin MonoManager ReloadAssembly
Symbol file LoadedFromMemory doesn't match image D:\NEUER_PC_MASSENSPEICHER\Downloads_BULK\Template\Library\PackageCache\com.unity.visualscripting@1.8.0\Editor\VisualScripting.Core\Dependencies\YamlDotNet\Unity.VisualScripting.YamlDotNet.dll
Symbol file LoadedFromMemory doesn't match image D:\NEUER_PC_MASSENSPEICHER\Downloads_BULK\Template\Library\PackageCache\com.unity.visualscripting@1.8.0\Editor\VisualScripting.Core\Dependencies\DotNetZip\Unity.VisualScripting.IonicZip.dll
- Loaded All Assemblies, in  1.623 seconds
Refreshing native plugins compatible for Editor in 1.95 ms, found 3 plugins.
Native extension for WindowsStandalone target not found
Package Manager log level set to [2]
[Package Manager] Server::EnsureServerProcessIsRunning -- launch failed, reason: Unity was launched with the -noUpm command-line argument
[Package Manager] UpmClient::Send -- Unable to send message (not connected to UPM process).
[Package Manager] Cannot connect to Unity Package Manager local server
Mono: successfully reloaded assembly
- Finished resetting the current domain, in  0.577 seconds
Domain Reload Profiling: 2198ms
	BeginReloadAssembly (124ms)
		ExecutionOrderSort (0ms)
		DisableScriptedObjects (5ms)
		BackupInstance (0ms)
		ReleaseScriptingObjects (0ms)
		CreateAndSetChildDomain (20ms)
	RebuildCommonClasses (32ms)
	RebuildNativeTypeToScriptingClass (11ms)
	initialDomainReloadingComplete (45ms)
	LoadAllAssembliesAndSetupDomain (1409ms)
		LoadAssemblies (1157ms)
		RebuildTransferFunctionScriptingTraits (0ms)
		AnalyzeDomain (309ms)
			TypeCache.Refresh (289ms)
				TypeCache.ScanAssembly (250ms)
			ScanForSourceGeneratedMonoScriptInfo (16ms)
			ResolveRequiredComponents (4ms)
	FinalizeReload (577ms)
		ReleaseScriptCaches (0ms)
		RebuildScriptCaches (0ms)
		SetupLoadedEditorAssemblies (427ms)
			LogAssemblyErrors (0ms)
			InitializePlatformSupportModulesInManaged (7ms)
			SetLoadedEditorAssemblies (4ms)
			RefreshPlugins (0ms)
			BeforeProcessingInitializeOnLoad (60ms)
			ProcessInitializeOnLoadAttributes (327ms)
			ProcessInitializeOnLoadMethodAttributes (17ms)
			AfterProcessingInitializeOnLoad (12ms)
			EditorAssembliesLoaded (0ms)
		ExecutionOrderSort2 (0ms)
		AwakeInstancesAfterBackupRestoration (10ms)
Launched and connected shader compiler UnityShaderCompiler.exe after 0.03 seconds
Refreshing native plugins compatible for Editor in 1.90 ms, found 3 plugins.
Preloading 0 native plugins for Editor in 0.00 ms.
Unloading 3461 Unused Serialized files (Serialized files now loaded: 0)
Unloading 38 unused Assets / (56.7 KB). Loaded Objects now: 3926.
Memory consumption went from 123.8 MB to 123.7 MB.
Total: 2.895500 ms (FindLiveObjects: 0.252000 ms CreateObjectMapping: 0.094200 ms MarkObjects: 2.461400 ms  DeleteObjects: 0.087100 ms)

AssetImportParameters requested are different than current active one (requested -> active):
  custom:container-demuxer-ogg: 62fdf1f143b41e24485cea50d1cbac27 -> 
  custom:video-decoder-ogg-theora: a1e56fd34408186e4bbccfd4996cb3dc -> 
  custom:framework-win-MediaFoundation: 216162199b28c13a410421893ffa2e32 -> 
  custom:CustomObjectIndexerAttribute: 756ad292c208cfabdd7b50bc23989ffe -> 
  custom:container-demuxer-webm: 4f35f7cbe854078d1ac9338744f61a02 -> 
  custom:container-muxer-webm: aa71ff27fc2769a1b78a27578f13a17b -> 
  custom:video-decoder-webm-vp8: 9c59270c3fd7afecdb556c50c9e8de78 -> 
  custom:AudioImporter_EditorPlatform: d09bf68614088b80899f8185d706f6e7 -> 
  custom:video-encoder-webm-vp8: eb34c28f22e8b96e1ab97ce403110664 -> 
  custom:audio-decoder-ogg-vorbis: bf7c407c2cedff20999df2af8eb42d56 -> 
  custom:audio-encoder-webm-vorbis: bf7c407c2cedff20999df2af8eb42d56 -> 
========================================================================
Received Import Request.
  Time since last request: 49131.187348 seconds.
  path: Assets/Materials/Gold.mat
  artifactKey: Guid(038da88f99b985945b0bfbae3926c67c) Importer(815301076,1909f56bfc062723c751e8b465ee728b)
Start importing Assets/Materials/Gold.mat using Guid(038da88f99b985945b0bfbae3926c67c) Importer(815301076,1909f56bfc062723c751e8b465ee728b)  -> (artifact id: '86f96de743b41b98b35785200f5c18cf') in 0.092566 seconds
Number of updated asset objects reloaded before import = 0
Number of asset objects unloaded after import = 1
========================================================================
Received Import Request.
  Time since last request: 9.485320 seconds.
  path: Assets/Materials/GrassGreen.mat
  artifactKey: Guid(c95024246116a2c478711bdf7fbf8a2c) Importer(815301076,1909f56bfc062723c751e8b465ee728b)
Start importing Assets/Materials/GrassGreen.mat using Guid(c95024246116a2c478711bdf7fbf8a2c) Importer(815301076,1909f56bfc062723c751e8b465ee728b)  -> (artifact id: '7060767644fa1f102dfeefb354d2c6f7') in 0.007779 seconds
Number of updated asset objects reloaded before import = 0
Number of asset objects unloaded after import = 1
========================================================================
Received Import Request.
  Time since last request: 259.121151 seconds.
  path: Assets/Prefabs/Lawn.prefab
  artifactKey: Guid(1c3bd0d3c956bca48b241846f99349c0) Importer(815301076,1909f56bfc062723c751e8b465ee728b)
Start importing Assets/Prefabs/Lawn.prefab using Guid(1c3bd0d3c956bca48b241846f99349c0) Importer(815301076,1909f56bfc062723c751e8b465ee728b)  -> (artifact id: '6b6b07d97c8fb4e2e685a8bb27b0ef88') in 0.030383 seconds
Number of updated asset objects reloaded before import = 0
Number of asset objects unloaded after import = 8
========================================================================
Received Import Request.
  Time since last request: 210.143949 seconds.
  path: Assets/Prefabs/BCC_SimpleCottage (1) Variant.prefab
  artifactKey: Guid(49f65f44904b3d745b22a43150ff58ae) Importer(815301076,1909f56bfc062723c751e8b465ee728b)
Start importing Assets/Prefabs/BCC_SimpleCottage (1) Variant.prefab using Guid(49f65f44904b3d745b22a43150ff58ae) Importer(815301076,1909f56bfc062723c751e8b465ee728b)  -> (artifact id: '771c7e597d7e3abbe8eefd2d774f514d') in 0.020625 seconds
Number of updated asset objects reloaded before import = 0
Number of asset objects unloaded after import = 73
========================================================================
Received Import Request.
  Time since last request: 80.847549 seconds.
  path: Assets/Materials/Roof.mat
  artifactKey: Guid(085aca87a7a2c4645a8d5ef197b0284d) Importer(815301076,1909f56bfc062723c751e8b465ee728b)
Start importing Assets/Materials/Roof.mat using Guid(085aca87a7a2c4645a8d5ef197b0284d) Importer(815301076,1909f56bfc062723c751e8b465ee728b)  -> (artifact id: '740a978484f752406d12b1bdb5797205') in 0.031090 seconds
Number of updated asset objects reloaded before import = 0
Number of asset objects unloaded after import = 1
========================================================================
Received Import Request.
  Time since last request: 20.512114 seconds.
  path: Assets/Materials/Walls.mat
  artifactKey: Guid(2a95dcc4905e79042b4225c9f067eb9b) Importer(815301076,1909f56bfc062723c751e8b465ee728b)
Start importing Assets/Materials/Walls.mat using Guid(2a95dcc4905e79042b4225c9f067eb9b) Importer(815301076,1909f56bfc062723c751e8b465ee728b)  -> (artifact id: 'daf798a496183bc04a1d72fe588c4416') in 0.028023 seconds
Number of updated asset objects reloaded before import = 0
Number of asset objects unloaded after import = 1
========================================================================
Received Import Request.
  Time since last request: 25.810948 seconds.
  path: Assets/Materials/Wood.mat
  artifactKey: Guid(206a68a4c3f2a864b8411588f72e4bbb) Importer(815301076,1909f56bfc062723c751e8b465ee728b)
Start importing Assets/Materials/Wood.mat using Guid(206a68a4c3f2a864b8411588f72e4bbb) Importer(815301076,1909f56bfc062723c751e8b465ee728b)  -> (artifact id: '06a06d11b3f544b89bba082d7814e5ca') in 0.009001 seconds
Number of updated asset objects reloaded before import = 0
Number of asset objects unloaded after import = 1
========================================================================
Received Import Request.
  Time since last request: 126.353784 seconds.
  path: Assets/Materials/DarkWood.mat
  artifactKey: Guid(18bf42a2f83464646a312c985ec06c3b) Importer(815301076,1909f56bfc062723c751e8b465ee728b)
Start importing Assets/Materials/DarkWood.mat using Guid(18bf42a2f83464646a312c985ec06c3b) Importer(815301076,1909f56bfc062723c751e8b465ee728b)  -> (artifact id: '1c37ad2ccff200c487d5f5f8fe24c447') in 0.007659 seconds
Number of updated asset objects reloaded before import = 0
Number of asset objects unloaded after import = 1
========================================================================
Received Import Request.
  Time since last request: 19.837673 seconds.
  path: Assets/Materials/MetalLantern.mat
  artifactKey: Guid(0fba950be0911924ea7c7816214452cf) Importer(815301076,1909f56bfc062723c751e8b465ee728b)
Start importing Assets/Materials/MetalLantern.mat using Guid(0fba950be0911924ea7c7816214452cf) Importer(815301076,1909f56bfc062723c751e8b465ee728b)  -> (artifact id: '0e3e1409882833209007871b1266f8e5') in 0.011491 seconds
Number of updated asset objects reloaded before import = 0
Number of asset objects unloaded after import = 1
========================================================================
Received Import Request.
  Time since last request: 17.662851 seconds.
  path: Assets/Materials/Mailbox.mat
  artifactKey: Guid(5dfb11c210606e246ba160e5255ec389) Importer(815301076,1909f56bfc062723c751e8b465ee728b)
Start importing Assets/Materials/Mailbox.mat using Guid(5dfb11c210606e246ba160e5255ec389) Importer(815301076,1909f56bfc062723c751e8b465ee728b)  -> (artifact id: 'e02fc12153f2f23d5bda9bd66558014a') in 0.037978 seconds
Number of updated asset objects reloaded before import = 0
Number of asset objects unloaded after import = 1
========================================================================
Received Import Request.
  Time since last request: 26.104564 seconds.
  path: Assets/Materials/Chimney.mat
  artifactKey: Guid(64a7ae3a2cdffce458f90129a83fd550) Importer(815301076,1909f56bfc062723c751e8b465ee728b)
Start importing Assets/Materials/Chimney.mat using Guid(64a7ae3a2cdffce458f90129a83fd550) Importer(815301076,1909f56bfc062723c751e8b465ee728b)  -> (artifact id: '65958f120a1bbc8d332fd977abc8a607') in 0.009225 seconds
Number of updated asset objects reloaded before import = 0
Number of asset objects unloaded after import = 1
========================================================================
Received Import Request.
  Time since last request: 10.943593 seconds.
  path: Assets/Materials/Chimney.mat
  artifactKey: Guid(64a7ae3a2cdffce458f90129a83fd550) Importer(815301076,1909f56bfc062723c751e8b465ee728b)
Start importing Assets/Materials/Chimney.mat using Guid(64a7ae3a2cdffce458f90129a83fd550) Importer(815301076,1909f56bfc062723c751e8b465ee728b)  -> (artifact id: '9d035e071cc235f500dd425deb4a6637') in 0.005375 seconds
Number of updated asset objects reloaded before import = 0
Number of asset objects unloaded after import = 1
========================================================================
Received Import Request.
  Time since last request: 0.000012 seconds.
  path: Assets/Materials/MetalLantern.mat
  artifactKey: Guid(0fba950be0911924ea7c7816214452cf) Importer(815301076,1909f56bfc062723c751e8b465ee728b)
Start importing Assets/Materials/MetalLantern.mat using Guid(0fba950be0911924ea7c7816214452cf) Importer(815301076,1909f56bfc062723c751e8b465ee728b)  -> (artifact id: '165ae1aa0aa49875c706d86f86ecebd9') in 0.053044 seconds
Number of updated asset objects reloaded before import = 0
Number of asset objects unloaded after import = 1
========================================================================
Received Import Request.
  Time since last request: 0.000012 seconds.
  path: Assets/Materials/Wood.mat
  artifactKey: Guid(206a68a4c3f2a864b8411588f72e4bbb) Importer(815301076,1909f56bfc062723c751e8b465ee728b)
Start importing Assets/Materials/Wood.mat using Guid(206a68a4c3f2a864b8411588f72e4bbb) Importer(815301076,1909f56bfc062723c751e8b465ee728b)  -> (artifact id: '03d83fe7cbe9d078eda866638e64297a') in 0.004975 seconds
Number of updated asset objects reloaded before import = 0
Number of asset objects unloaded after import = 1
========================================================================
Received Import Request.
  Time since last request: 0.000012 seconds.
  path: Assets/Materials/Mailbox.mat
  artifactKey: Guid(5dfb11c210606e246ba160e5255ec389) Importer(815301076,1909f56bfc062723c751e8b465ee728b)
Start importing Assets/Materials/Mailbox.mat using Guid(5dfb11c210606e246ba160e5255ec389) Importer(815301076,1909f56bfc062723c751e8b465ee728b)  -> (artifact id: '1303e2b067e09030a14fd97e5ed8fee5') in 0.005012 seconds
Number of updated asset objects reloaded before import = 0
Number of asset objects unloaded after import = 1
========================================================================
Received Import Request.
  Time since last request: 0.000012 seconds.
  path: Assets/Materials/Roof.mat
  artifactKey: Guid(085aca87a7a2c4645a8d5ef197b0284d) Importer(815301076,1909f56bfc062723c751e8b465ee728b)
Start importing Assets/Materials/Roof.mat using Guid(085aca87a7a2c4645a8d5ef197b0284d) Importer(815301076,1909f56bfc062723c751e8b465ee728b)  -> (artifact id: 'f994f81c17796fa97e9091658b335d73') in 0.019700 seconds
Number of updated asset objects reloaded before import = 0
Number of asset objects unloaded after import = 1
========================================================================
Received Import Request.
  Time since last request: 0.000011 seconds.
  path: Assets/Materials/GrassGreen.mat
  artifactKey: Guid(c95024246116a2c478711bdf7fbf8a2c) Importer(815301076,1909f56bfc062723c751e8b465ee728b)
Start importing Assets/Materials/GrassGreen.mat using Guid(c95024246116a2c478711bdf7fbf8a2c) Importer(815301076,1909f56bfc062723c751e8b465ee728b)  -> (artifact id: 'a68343a8813dfbff62f7104da2f331c9') in 0.005315 seconds
Number of updated asset objects reloaded before import = 0
Number of asset objects unloaded after import = 1
Editor requested this worker to shutdown with reason: Scaling down because of idle timeout
TcpMessagingSession - receive error: operation aborted. errorcode: 995, details: Der E/A-Vorgang wurde wegen eines Threadendes oder einer Anwendungsanforderung abgebrochen.
AssetImportWorker is now disconnected from the server
Process exiting
Exiting without the bug reporter. Application will terminate with return code 0